<?xml version="1.0" encoding="UTF-8"?>
<testsuite xmlns:xsi="http://www.w3.org/2001/XMLSchema-instance" xsi:noNamespaceSchemaLocation="https://maven.apache.org/surefire/maven-surefire-plugin/xsd/surefire-test-report.xsd" version="3.0.2" name="DatabaseTestCases" time="0.176" tests="15" errors="0" skipped="0" failures="0">
  <properties>
    <property name="java.specification.version" value="22"/>
    <property name="sun.cpu.isalist" value="amd64"/>
    <property name="sun.jnu.encoding" value="Cp1252"/>
    <property name="java.class.path" value="C:\Users\peter\Github\CS180Team-Project\target\test-classes;C:\Users\peter\Github\CS180Team-Project\target\classes;C:\Users\peter\.m2\repository\junit\junit\4.13.2\junit-4.13.2.jar;C:\Users\peter\.m2\repository\org\hamcrest\hamcrest-core\1.3\hamcrest-core-1.3.jar;C:\Users\peter\.m2\repository\org\junit\jupiter\junit-jupiter-engine\5.9.2\junit-jupiter-engine-5.9.2.jar;C:\Users\peter\.m2\repository\org\junit\platform\junit-platform-engine\1.9.2\junit-platform-engine-1.9.2.jar;C:\Users\peter\.m2\repository\org\apiguardian\apiguardian-api\1.1.2\apiguardian-api-1.1.2.jar;C:\Users\peter\.m2\repository\org\junit\jupiter\junit-jupiter-api\5.9.2\junit-jupiter-api-5.9.2.jar;C:\Users\peter\.m2\repository\org\opentest4j\opentest4j\1.2.0\opentest4j-1.2.0.jar;C:\Users\peter\.m2\repository\org\junit\platform\junit-platform-commons\1.9.2\junit-platform-commons-1.9.2.jar;C:\Users\peter\.m2\repository\org\testng\testng\7.7.0\testng-7.7.0.jar;C:\Users\peter\.m2\repository\org\slf4j\slf4j-api\1.7.36\slf4j-api-1.7.36.jar;C:\Users\peter\.m2\repository\com\beust\jcommander\1.82\jcommander-1.82.jar;C:\Users\peter\.m2\repository\org\webjars\jquery\3.6.1\jquery-3.6.1.jar;C:\Users\peter\.m2\repository\org\mockito\mockito-core\4.0.0\mockito-core-4.0.0.jar;C:\Users\peter\.m2\repository\net\bytebuddy\byte-buddy\1.11.19\byte-buddy-1.11.19.jar;C:\Users\peter\.m2\repository\net\bytebuddy\byte-buddy-agent\1.11.19\byte-buddy-agent-1.11.19.jar;C:\Users\peter\.m2\repository\org\objenesis\objenesis\3.2\objenesis-3.2.jar;"/>
    <property name="java.vm.vendor" value="Oracle Corporation"/>
    <property name="sun.arch.data.model" value="64"/>
    <property name="user.variant" value=""/>
    <property name="java.vendor.url" value="https://java.oracle.com/"/>
    <property name="user.timezone" value="America/Indianapolis"/>
    <property name="os.name" value="Windows 11"/>
    <property name="java.vm.specification.version" value="22"/>
    <property name="user.country" value="US"/>
    <property name="sun.java.launcher" value="SUN_STANDARD"/>
    <property name="sun.boot.library.path" value="C:\Program Files\Java\jdk-22\bin"/>
    <property name="sun.java.command" value="C:\Users\peter\AppData\Local\Temp\surefire8215217680640974937\surefirebooter-20241116131447050_3.jar C:\Users\peter\AppData\Local\Temp\surefire8215217680640974937 2024-11-16T13-14-46_912-jvmRun1 surefire-20241116131447050_1tmp surefire_0-20241116131447050_2tmp"/>
    <property name="jdk.debug" value="release"/>
    <property name="test" value="DatabaseTestCases"/>
    <property name="surefire.test.class.path" value="C:\Users\peter\Github\CS180Team-Project\target\test-classes;C:\Users\peter\Github\CS180Team-Project\target\classes;C:\Users\peter\.m2\repository\junit\junit\4.13.2\junit-4.13.2.jar;C:\Users\peter\.m2\repository\org\hamcrest\hamcrest-core\1.3\hamcrest-core-1.3.jar;C:\Users\peter\.m2\repository\org\junit\jupiter\junit-jupiter-engine\5.9.2\junit-jupiter-engine-5.9.2.jar;C:\Users\peter\.m2\repository\org\junit\platform\junit-platform-engine\1.9.2\junit-platform-engine-1.9.2.jar;C:\Users\peter\.m2\repository\org\apiguardian\apiguardian-api\1.1.2\apiguardian-api-1.1.2.jar;C:\Users\peter\.m2\repository\org\junit\jupiter\junit-jupiter-api\5.9.2\junit-jupiter-api-5.9.2.jar;C:\Users\peter\.m2\repository\org\opentest4j\opentest4j\1.2.0\opentest4j-1.2.0.jar;C:\Users\peter\.m2\repository\org\junit\platform\junit-platform-commons\1.9.2\junit-platform-commons-1.9.2.jar;C:\Users\peter\.m2\repository\org\testng\testng\7.7.0\testng-7.7.0.jar;C:\Users\peter\.m2\repository\org\slf4j\slf4j-api\1.7.36\slf4j-api-1.7.36.jar;C:\Users\peter\.m2\repository\com\beust\jcommander\1.82\jcommander-1.82.jar;C:\Users\peter\.m2\repository\org\webjars\jquery\3.6.1\jquery-3.6.1.jar;C:\Users\peter\.m2\repository\org\mockito\mockito-core\4.0.0\mockito-core-4.0.0.jar;C:\Users\peter\.m2\repository\net\bytebuddy\byte-buddy\1.11.19\byte-buddy-1.11.19.jar;C:\Users\peter\.m2\repository\net\bytebuddy\byte-buddy-agent\1.11.19\byte-buddy-agent-1.11.19.jar;C:\Users\peter\.m2\repository\org\objenesis\objenesis\3.2\objenesis-3.2.jar;"/>
    <property name="sun.cpu.endian" value="little"/>
    <property name="user.home" value="C:\Users\peter"/>
    <property name="user.language" value="en"/>
    <property name="java.specification.vendor" value="Oracle Corporation"/>
    <property name="java.version.date" value="2024-07-16"/>
    <property name="java.home" value="C:\Program Files\Java\jdk-22"/>
    <property name="file.separator" value="\"/>
    <property name="basedir" value="C:\Users\peter\Github\CS180Team-Project"/>
    <property name="java.vm.compressedOopsMode" value="Zero based"/>
    <property name="line.separator" value="&#10;"/>
    <property name="java.vm.specification.vendor" value="Oracle Corporation"/>
    <property name="java.specification.name" value="Java Platform API Specification"/>
    <property name="surefire.real.class.path" value="C:\Users\peter\AppData\Local\Temp\surefire8215217680640974937\surefirebooter-20241116131447050_3.jar"/>
    <property name="user.script" value=""/>
    <property name="sun.management.compiler" value="HotSpot 64-Bit Tiered Compilers"/>
    <property name="java.runtime.version" value="22.0.2+9-70"/>
    <property name="user.name" value="peter"/>
    <property name="stdout.encoding" value="Cp1252"/>
    <property name="path.separator" value=";"/>
    <property name="os.version" value="10.0"/>
    <property name="java.runtime.name" value="Java(TM) SE Runtime Environment"/>
    <property name="file.encoding" value="UTF-8"/>
    <property name="java.vm.name" value="Java HotSpot(TM) 64-Bit Server VM"/>
    <property name="maven.ext.class.path" value="C:\Users\peter\.cursor\extensions\oracle.oracle-java-23.0.0\nbcode\java\maven-nblib\netbeans-eventspy.jar"/>
    <property name="localRepository" value="C:\Users\peter\.m2\repository"/>
    <property name="java.vendor.url.bug" value="https://bugreport.java.com/bugreport/"/>
    <property name="java.io.tmpdir" value="C:\Users\peter\AppData\Local\Temp\"/>
    <property name="java.version" value="22.0.2"/>
    <property name="user.dir" value="C:\Users\peter\Github\CS180Team-Project"/>
    <property name="os.arch" value="amd64"/>
    <property name="java.vm.specification.name" value="Java Virtual Machine Specification"/>
    <property name="sun.os.patch.level" value=""/>
    <property name="native.encoding" value="Cp1252"/>
    <property name="java.library.path" value="C:\Program Files\Java\jdk-22\bin;C:\Windows\Sun\Java\bin;C:\Windows\system32;C:\Windows;C:\Program Files\Java\jdk-22\bin;C:\Users\peter\anaconda3\envs\tf-gpu;C:\ProgramData\Oracle\Java\javapath;C:\Program Files\Common Files\Oracle\Java\javapath;C:\Windows\system32;C:\Windows;C:\Windows\System32\Wbem;C:\Windows\System32\WindowsPowerShell\v1.0\;C:\Windows\System32\OpenSSH\;C:\Program Files\Cloudflare\Cloudflare WARP\;C:\Program Files\dotnet\;C:\ProgramData\chocolatey\bin;C:\Program Files\Git\cmd;C:\Users\peter\AppData\Roaming\Python\Python312;C:\Program Files\apache-maven-3.9.9-bin\apache-maven-3.9.9\bin;C:\Users\peter\anaconda3;C:\Users\peter\anaconda3\Library\mingw-w64\bin;C:\Users\peter\anaconda3\Library\usr\bin;C:\Users\peter\anaconda3\Library\bin;C:\Users\peter\anaconda3\Scripts;C:\Users\peter\AppData\Local\Programs\Python\Python312\Scripts\;C:\Users\peter\AppData\Local\Programs\Python\Python312\;C:\Users\peter\AppData\Local\Programs\Python\Python37-32\Scripts\;C:\Users\peter\AppData\Local\Programs\Python\Python37-32\;C:\Users\peter\AppData\Local\Microsoft\WindowsApps;C:\Users\peter\AppData\Local\Programs\Microsoft VS Code\bin;C:\Users\peter\AppData\Local\Programs\MiKTeX\miktex\bin\x64\;C:\Users\peter\AppData\Local\GitHubDesktop\bin;C:\Program Files\JetBrains\IntelliJ IDEA 2024.2.0.2\bin;;C:\Users\peter\AppData\Local\Muse Hub\lib;."/>
    <property name="java.vm.info" value="mixed mode, sharing"/>
    <property name="stderr.encoding" value="Cp1252"/>
    <property name="java.vendor" value="Oracle Corporation"/>
    <property name="java.vm.version" value="22.0.2+9-70"/>
    <property name="sun.io.unicode.encoding" value="UnicodeLittle"/>
    <property name="java.class.version" value="66.0"/>
  </properties>
  <testcase name="testGetMessagesSelfMessagingException" classname="DatabaseTestCases" time="0.079"/>
  <testcase name="testGetMessagesNonExistentUsers" classname="DatabaseTestCases" time="0.006"/>
  <testcase name="testAddUserUniqueUsername" classname="DatabaseTestCases" time="0.003"/>
  <testcase name="testGetUsers" classname="DatabaseTestCases" time="0.003"/>
  <testcase name="testLoadMessagesFileInput" classname="DatabaseTestCases" time="0.007"/>
  <testcase name="testValidateNewUserUsernameInPassword" classname="DatabaseTestCases" time="0.003"/>
  <testcase name="testLoadUsersWithInvalidFormat" classname="DatabaseTestCases" time="0.004">
    <system-out><![CDATA[Invalid format: missing username or password
]]></system-out>
  </testcase>
  <testcase name="testGetMessagesValidConversation" classname="DatabaseTestCases" time="0.004"/>
  <testcase name="testSaveMessagesFileOutput" classname="DatabaseTestCases" time="0.004"/>
  <testcase name="testGetUserNonExistentUser" classname="DatabaseTestCases" time="0.002"/>
  <testcase name="testSaveUsers_CreatesFileIfNotExists" classname="DatabaseTestCases" time="0.002"/>
  <testcase name="testAddMessageWithBlockedUser" classname="DatabaseTestCases" time="0.003"/>
  <testcase name="testSaveUsersFileOutput" classname="DatabaseTestCases" time="0.004"/>
  <testcase name="testGetUserExistingUser" classname="DatabaseTestCases" time="0.003"/>
  <testcase name="testAddMessageWithFriendsOnlyMode" classname="DatabaseTestCases" time="0.004"/>
</testsuite>